Arguments: 
  C:\Program Files\nodejs\node.exe C:\Users\Administrator\AppData\Roaming\npm\node_modules\yarn\bin\yarn.js install

PATH: 
  C:\Windows\system32;C:\Windows;C:\Windows\System32\Wbem;C:\Windows\System32\WindowsPowerShell\v1.0\;C:\Program Files\Amazon\cfn-bootstrap\;C:\ProgramData\chocolatey\bin;C:\Program Files\Git\cmd;%NVM_HOME%;%NVM_SYMLINK%;C:\Users\Administrator\AppData\Local\Programs\Python\Python311\Scripts\;C:\Users\Administrator\AppData\Local\Programs\Python\Python311\;C:\Users\Administrator\AppData\Local\Microsoft\WindowsApps;C:\Users\Administrator\AppData\Local\Programs\Microsoft VS Code\bin;C:\Users\Administrator\AppData\Roaming\npm;C:\Users\Administrator\AppData\Roaming\nvm;C:\Program Files\nodejs;;C:\Users\Administrator\Apps\kubo_v0.17.0\kubo

Yarn version: 
  1.22.19

Node version: 
  14.15.0

Platform: 
  win32 x64

Trace: 
  SyntaxError: C:\piji\backend-db\package.json: Unexpected token } in JSON at position 727
      at JSON.parse (<anonymous>)
      at C:\Users\Administrator\AppData\Roaming\npm\node_modules\yarn\lib\cli.js:1629:59
      at Generator.next (<anonymous>)
      at step (C:\Users\Administrator\AppData\Roaming\npm\node_modules\yarn\lib\cli.js:310:30)
      at C:\Users\Administrator\AppData\Roaming\npm\node_modules\yarn\lib\cli.js:321:13

npm manifest: 
  {
    "name": "telkom",
    "version": "1.0.0",
    "description": "",
    "main": "index.js",
    "scripts": {
      "test": "echo \"Error: no test specified\" && exit 1"
    },
    "keywords": [],
    "author": "",
    "license": "ISC",
    "dependencies": {
      "bcryptjs": "^2.4.3",
      "body-parser": "^1.20.1",
      "dotenv": "^16.0.3",
      "express": "^4.18.2",
      "express-validator": "^6.14.2",
      "jsonwebtoken": "^8.5.1",
      "moment": "^2.29.4",
      "multer": "^1.4.5-lts.1",
      "mustache": "^4.2.0",
      "mysql2": "^2.3.3",
      "node-cron": "^3.0.2",
      "nodemailer": "^6.6.3",
      "nodemon": "^2.0.20",
      "process": "^0.11.10",
      "request": "^2.88.2",
      "sequelize": "^6.25.3",
      "winston": "^3.8.2",
      "web3": "1.7.4",
    },
    "devDependencies": {
      "axios": "^1.1.3",
      "cors": "^2.8.5",
      "sequelize-cli": "^6.5.2"
    }
  }

yarn manifest: 
  No manifest

Lockfile: 
  No lockfile
